2019-08-19 15:25:31,782: Total epoch: 50
2019-08-19 15:25:31,782: Learning rate: 0.001, 0.0001, change epoch: 8
2019-08-19 15:25:39,914: Epoch: 0/50, Iteration: 2/8548
2019-08-19 15:25:39,914: loss: 0.7527233958244324
2019-08-19 15:25:39,914: classification loss: 0.6943355798721313
2019-08-19 15:25:39,914: vertical regression loss: 0.018544012680649757
2019-08-19 15:25:39,914: side-refinement regression loss: 0.03984379395842552
2019-08-19 15:25:47,653: Epoch: 0/50, Iteration: 3/8548
2019-08-19 15:25:47,653: loss: 0.7518429160118103
2019-08-19 15:25:47,653: classification loss: 0.6937559843063354
2019-08-19 15:25:47,653: vertical regression loss: 0.019595535472035408
2019-08-19 15:25:47,653: side-refinement regression loss: 0.038491394370794296
2019-08-19 15:25:57,585: Epoch: 0/50, Iteration: 4/8548
2019-08-19 15:25:57,585: loss: 0.7527022957801819
2019-08-19 15:25:57,585: classification loss: 0.6937867403030396
2019-08-19 15:25:57,585: vertical regression loss: 0.0177487563341856
2019-08-19 15:25:57,585: side-refinement regression loss: 0.04116680473089218
2019-08-19 15:26:02,203: Epoch: 0/50, Iteration: 5/8548
2019-08-19 15:26:02,203: loss: 0.766832172870636
2019-08-19 15:26:02,203: classification loss: 0.6928941011428833
2019-08-19 15:26:02,203: vertical regression loss: 0.02067919820547104
2019-08-19 15:26:02,203: side-refinement regression loss: 0.05325887352228165
